<?xml version="1.0" encoding="UTF-8"?>
<!-- Generated by org.testng.reporters.JUnitReportReporter -->
<testsuite hostname="DESKTOP-626S57B" failures="0" tests="1" name="automationknowledge.E2EProject.HomePage" time="27.417" errors="0" timestamp="2022-04-16T15:12:19 IST" skipped="0">
  <testcase classname="automationknowledge.E2EProject.HomePage" name="basePageNavigation" time="27.417"/>
  <system-out/>
</testsuite> <!-- automationknowledge.E2EProject.HomePage -->
